2021-07-26 23:57:31 Log.py[line:30] INFO gloryroad
2021-07-26 23:57:31 Log.py[line:26] WARNING hello
2021-07-26 23:57:31 Log.py[line:34] ERROR 这是一个error日志
2021-07-26 23:58:24 Log.py[line:30] INFO sourceData:12
2021-07-26 23:58:24 Log.py[line:30] INFO sourceData:12
2021-07-27 22:57:05 Log.py[line:30] INFO sourceData:12
2021-07-27 22:57:05 Log.py[line:30] INFO sourceData:12
2021-07-27 23:08:44 Log.py[line:30] INFO 接口【用户注册】的第1条用例不需要依赖数据
2021-07-27 23:08:44 Log.py[line:30] INFO 接口【用户注册】的第2条用例不需要依赖数据
2021-07-27 23:08:44 Log.py[line:30] INFO 接口【用户注册】的第3条用例不需要依赖数据
2021-07-27 23:24:34 Log.py[line:30] INFO 接口【用户注册】的第1条用例不需要依赖数据
2021-07-27 23:24:35 Log.py[line:30] INFO 接口【用户注册】的第2条用例不需要依赖数据
2021-07-27 23:24:35 Log.py[line:30] INFO 接口【用户注册】的第3条用例不需要依赖数据
2021-07-27 23:24:35 Log.py[line:30] INFO 接口【用户注册】的第4条用例不需要依赖数据
2021-07-27 23:25:43 Log.py[line:30] INFO 接口【用户注册】的第1条用例不需要依赖数据
2021-07-27 23:25:43 Log.py[line:30] INFO 接口【用户注册】的第2条用例不需要依赖数据
2021-07-27 23:25:43 Log.py[line:30] INFO 接口【用户注册】的第3条用例不需要依赖数据
2021-07-27 23:25:43 Log.py[line:30] INFO 接口【用户注册】的第4条用例不需要依赖数据
2021-07-27 23:27:40 Log.py[line:30] INFO 接口【用户注册】的第1条用例不需要依赖数据
2021-07-27 23:27:40 Log.py[line:30] INFO 接口【用户注册】的第2条用例不需要依赖数据
2021-07-27 23:27:40 Log.py[line:30] INFO 接口【用户注册】的第3条用例不需要依赖数据
2021-07-27 23:27:40 Log.py[line:30] INFO 接口【用户注册】的第4条用例不需要依赖数据
2021-07-27 23:28:05 Log.py[line:30] INFO 接口【用户注册】的第1条用例不需要依赖数据
2021-07-27 23:28:05 Log.py[line:30] INFO 接口【用户注册】的第2条用例不需要依赖数据
2021-07-27 23:28:05 Log.py[line:30] INFO 接口【用户注册】的第3条用例不需要依赖数据
2021-07-27 23:28:05 Log.py[line:30] INFO 接口【用户注册】的第4条用例不需要依赖数据
2021-07-27 23:32:01 Log.py[line:30] INFO 接口【用户注册】的第1条用例不需要依赖数据
2021-07-27 23:40:39 Log.py[line:30] INFO 接口【用户注册】的第1条用例不需要依赖数据
2021-07-27 23:44:59 Log.py[line:30] INFO 接口【用户注册】的第1条用例不需要依赖数据
2021-07-27 23:48:26 Log.py[line:30] INFO 接口【用户注册】的第1条用例不需要依赖数据
2021-07-27 23:57:29 Log.py[line:30] INFO 接口【用户注册】的第1条用例不需要依赖数据
2021-07-27 23:59:21 Log.py[line:30] INFO 接口【用户注册】的第1条用例不需要依赖数据
2021-07-28 00:13:11 Log.py[line:30] INFO 接口【用户注册】的第1条用例不需要依赖数据
2021-07-28 00:13:11 Log.py[line:30] INFO 接口【查询博文】的第1条用例不需要依赖数据
2021-07-28 00:13:12 Log.py[line:30] INFO 接口【查询博文】的用例编号为10的用例的响应协议code=200，不符合预期code=None
2021-07-28 00:13:46 Log.py[line:30] INFO 接口【用户注册】的第1条用例不需要依赖数据
2021-07-28 00:13:46 Log.py[line:30] INFO 接口【查询博文】的第1条用例不需要依赖数据
2021-07-28 00:57:06 Log.py[line:30] INFO 接口【用户注册】的第1条用例不需要依赖数据
2021-07-28 00:57:39 Log.py[line:30] INFO 接口【用户注册】的第1条用例不需要依赖数据
2021-07-28 00:58:10 Log.py[line:30] INFO 接口【用户注册】的第1条用例不需要依赖数据
2021-07-28 01:02:26 Log.py[line:30] INFO 接口【用户注册】的第1条用例不需要依赖数据
2021-07-28 01:06:23 Log.py[line:30] INFO 接口【用户注册】的第1条用例不需要依赖数据
2021-07-28 01:08:20 Log.py[line:30] INFO 接口【用户注册】的第1条用例不需要依赖数据
2021-07-28 01:08:47 Log.py[line:30] INFO 接口【用户注册】的第1条用例不需要依赖数据
2021-07-28 01:09:14 Log.py[line:30] INFO 接口【用户注册】的第1条用例不需要依赖数据
2021-07-28 01:10:05 Log.py[line:30] INFO 接口【用户注册】的第1条用例不需要依赖数据
2021-07-28 01:13:46 Log.py[line:30] INFO 接口【用户注册】的第1条用例不需要依赖数据
2021-07-28 01:15:15 Log.py[line:30] INFO 接口【用户注册】的第1条用例不需要依赖数据
2021-07-28 01:18:13 Log.py[line:30] INFO 接口【用户注册】的第1条用例不需要依赖数据
2021-07-28 01:18:50 Log.py[line:30] INFO 接口【用户注册】的第1条用例不需要依赖数据
2021-07-28 01:20:49 Log.py[line:30] INFO 接口【用户注册】的第1条用例不需要依赖数据
2021-07-28 01:28:28 Log.py[line:30] INFO 接口【用户注册】的第1条用例不需要依赖数据
2021-07-28 01:30:53 Log.py[line:30] INFO 接口【用户注册】的第1条用例不需要依赖数据
2021-07-28 02:12:36 Log.py[line:30] INFO 接口【用户注册】的第1条用例不需要依赖数据
2021-07-28 02:21:37 Log.py[line:30] INFO 接口【用户注册】的第1条用例不需要依赖数据
2021-07-28 02:46:21 Log.py[line:30] INFO 接口【用户注册】的第1条用例不需要依赖数据
2021-07-28 02:47:23 Log.py[line:30] INFO 接口【用户注册】的第1条用例不需要依赖数据
2021-07-28 02:48:06 Log.py[line:30] INFO 接口【用户注册】的第1条用例不需要依赖数据
2021-07-28 02:53:52 Log.py[line:30] INFO 接口【用户注册】的第1条用例不需要依赖数据
2021-07-28 02:55:59 Log.py[line:30] INFO 接口【用户注册】的第1条用例不需要依赖数据
2021-07-28 02:58:43 Log.py[line:30] INFO 接口【用户注册】的第1条用例不需要依赖数据
2021-07-28 02:58:44 Log.py[line:30] INFO 接口【查询博文内容】的第1条用例不需要依赖数据
2021-07-28 03:01:09 Log.py[line:30] INFO 接口【用户注册】的第1条用例不需要依赖数据
2021-07-28 03:01:09 Log.py[line:30] INFO 接口【查询博文内容】的第1条用例不需要依赖数据
2021-07-28 03:03:35 Log.py[line:30] INFO 接口【用户注册】的第1条用例不需要依赖数据
2021-07-28 03:21:48 Log.py[line:30] INFO 接口【用户注册】的第1条用例不需要依赖数据
2021-07-28 03:28:58 Log.py[line:30] INFO 接口【用户注册】的第1条用例不需要依赖数据
2021-07-28 03:38:30 Log.py[line:30] INFO 接口【用户注册】的第1条用例不需要依赖数据
2021-07-28 03:39:27 Log.py[line:30] INFO 接口【用户注册】的第1条用例不需要依赖数据
2021-07-28 03:41:24 Log.py[line:30] INFO 接口【用户注册】的第1条用例不需要依赖数据
2021-07-28 03:43:10 Log.py[line:30] INFO 接口【用户注册】的第1条用例不需要依赖数据
2021-07-28 03:43:27 Log.py[line:30] INFO 接口【用户注册】的第1条用例不需要依赖数据
2021-07-28 03:46:05 Log.py[line:30] INFO 接口【用户注册】的第1条用例不需要依赖数据
2021-07-28 03:47:44 Log.py[line:30] INFO 接口【用户注册】的第1条用例不需要依赖数据
2021-07-28 03:48:35 Log.py[line:30] INFO 接口【用户注册】的第1条用例不需要依赖数据
2021-07-28 03:49:39 Log.py[line:30] INFO 接口【用户注册】的第1条用例不需要依赖数据
2021-07-28 03:50:29 Log.py[line:30] INFO 接口【用户注册】的第1条用例不需要依赖数据
2021-07-28 03:58:27 Log.py[line:30] INFO 接口【用户注册】的第1条用例不需要依赖数据
2021-07-28 03:59:30 Log.py[line:30] INFO 接口【用户注册】的第1条用例不需要依赖数据
2021-07-28 04:00:39 Log.py[line:30] INFO 接口【用户注册】的第1条用例不需要依赖数据
2021-07-28 04:01:36 Log.py[line:30] INFO 接口【用户注册】的第1条用例不需要依赖数据
2021-07-28 04:02:03 Log.py[line:30] INFO 接口【用户注册】的第1条用例不需要依赖数据
2021-07-28 04:02:24 Log.py[line:30] INFO 接口【用户注册】的第1条用例不需要依赖数据
2021-07-28 04:03:20 Log.py[line:30] INFO 接口【用户注册】的第1条用例不需要依赖数据
2021-07-28 04:03:21 Log.py[line:30] INFO 接口【查询博文内容】的用例编号为13的用例的响应协议code=200，不符合预期code=None
2021-07-28 04:04:50 Log.py[line:30] INFO 接口【用户注册】的第1条用例不需要依赖数据
2021-07-28 04:05:33 Log.py[line:30] INFO 接口【用户注册】的第1条用例不需要依赖数据
2021-07-28 04:06:02 Log.py[line:30] INFO 接口【用户注册】的第1条用例不需要依赖数据
2021-07-28 04:07:01 Log.py[line:30] INFO 接口【用户注册】的第1条用例不需要依赖数据
2021-07-28 04:12:43 Log.py[line:30] INFO 接口【用户注册】的第1条用例不需要依赖数据
2021-07-28 04:12:44 Log.py[line:30] INFO sourceData:
2021-07-28 04:18:22 Log.py[line:30] INFO 接口【用户注册】的第1条用例不需要依赖数据
2021-07-28 04:18:23 Log.py[line:30] INFO sourceData:[{'update_time': None, 'title': 'python', 'content': 'python port test', 'articleId': 71, 'owner': 38, 'posted_on': '2021-07-28 04:18:23'}]
2021-07-28 04:19:34 Log.py[line:30] INFO 接口【用户注册】的第1条用例不需要依赖数据
2021-07-28 04:19:35 Log.py[line:30] INFO sourceData:[{'update_time': None, 'title': 'python', 'content': 'python port test', 'articleId': 72, 'owner': 38, 'posted_on': '2021-07-28 04:19:35'}]
2021-07-28 04:22:04 Log.py[line:30] INFO 接口【用户注册】的第1条用例不需要依赖数据
2021-07-28 04:22:04 Log.py[line:30] INFO sourceData:[{'update_time': None, 'title': 'python', 'content': 'python port test', 'articleId': 73, 'owner': 38, 'posted_on': '2021-07-28 04:22:04'}]
2021-07-28 04:23:05 Log.py[line:30] INFO 接口【用户注册】的第1条用例不需要依赖数据
2021-07-28 04:23:05 Log.py[line:30] INFO sourceData:[{'update_time': None, 'title': 'python', 'content': 'python port test', 'articleId': 74, 'owner': 38, 'posted_on': '2021-07-28 04:23:05'}]
2021-07-28 04:23:56 Log.py[line:30] INFO 接口【用户注册】的第1条用例不需要依赖数据
2021-07-28 04:23:56 Log.py[line:34] ERROR 断言失败
2021-07-28 04:23:56 Log.py[line:34] ERROR 断言成功
2021-07-28 04:23:56 Log.py[line:34] ERROR 断言成功
2021-07-28 04:23:56 Log.py[line:34] ERROR 断言成功
2021-07-28 04:23:56 Log.py[line:30] INFO sourceData:[{'update_time': None, 'title': 'python', 'content': 'python port test', 'articleId': 75, 'owner': 38, 'posted_on': '2021-07-28 04:23:56'}]
2021-07-28 04:23:56 Log.py[line:34] ERROR 断言成功
2021-07-28 04:24:15 Log.py[line:30] INFO 接口【用户注册】的第1条用例不需要依赖数据
2021-07-28 04:24:15 Log.py[line:34] ERROR 断言失败
2021-07-28 04:24:16 Log.py[line:30] INFO sourceData:[{'update_time': None, 'title': 'python', 'content': 'python port test', 'articleId': 76, 'owner': 38, 'posted_on': '2021-07-28 04:24:15'}]
2021-07-28 04:25:35 Log.py[line:30] INFO 接口【用户注册】的第1条用例不需要依赖数据
2021-07-28 04:25:35 Log.py[line:34] ERROR 断言失败
2021-07-28 04:25:36 Log.py[line:30] INFO sourceData:[{'update_time': None, 'title': 'python', 'content': 'python port test', 'articleId': 77, 'owner': 38, 'posted_on': '2021-07-28 04:25:35'}]
2021-07-28 22:36:18 Log.py[line:30] INFO 接口【用户注册】的第1条用例不需要依赖数据
2021-07-28 22:36:18 Log.py[line:34] ERROR 断言失败
2021-07-28 22:36:18 Log.py[line:30] INFO sourceData:[{'update_time': None, 'title': 'python', 'content': 'python port test', 'articleId': 78, 'owner': 38, 'posted_on': '2021-07-28 22:36:18'}]
2021-07-28 22:48:05 Log.py[line:30] INFO 接口【用户注册】的第1条用例不需要依赖数据
2021-07-28 22:48:05 Log.py[line:34] ERROR 断言失败
2021-07-28 22:50:23 Log.py[line:30] INFO 接口【用户注册】的第1条用例不需要依赖数据
2021-07-28 22:50:23 Log.py[line:34] ERROR 断言失败
2021-07-28 22:50:24 Log.py[line:30] INFO 接口【修改博文】的用例编号为12的用例的响应协议code=405，不符合预期code=200
2021-07-28 22:50:49 Log.py[line:30] INFO 接口【用户注册】的第1条用例不需要依赖数据
2021-07-28 22:50:49 Log.py[line:34] ERROR 断言失败
2021-07-28 22:50:50 Log.py[line:30] INFO 接口【修改博文】的用例编号为12的用例的响应协议code=405，不符合预期code=200
2021-07-28 22:52:20 Log.py[line:30] INFO 接口【用户注册】的第1条用例不需要依赖数据
2021-07-28 22:52:20 Log.py[line:34] ERROR 断言失败
2021-07-28 22:52:21 Log.py[line:30] INFO 接口【修改博文】的用例编号为12的用例的响应协议code=405，不符合预期code=200
2021-07-28 22:52:21 Log.py[line:30] INFO sourceData:[{'update_time': None, 'title': 'python', 'content': 'python port test', 'articleId': 78, 'owner': 38, 'posted_on': '2021-07-28 22:36:18'}]
2021-07-28 22:53:29 Log.py[line:30] INFO 接口【用户注册】的第1条用例不需要依赖数据
2021-07-28 22:53:29 Log.py[line:34] ERROR 断言失败
2021-07-28 22:53:30 Log.py[line:30] INFO 接口【修改博文】的用例编号为12的用例的响应协议code=405，不符合预期code=200
2021-07-28 22:55:20 Log.py[line:30] INFO 接口【用户注册】的第1条用例不需要依赖数据
2021-07-28 22:55:21 Log.py[line:30] INFO 接口【修改博文】的用例编号为12的用例的响应协议code=405，不符合预期code=200
2021-07-28 23:03:13 Log.py[line:30] INFO 接口【用户注册】的第1条用例不需要依赖数据
2021-07-28 23:03:13 Log.py[line:34] ERROR 断言失败
2021-07-28 23:09:34 Log.py[line:30] INFO 接口【用户注册】的第1条用例不需要依赖数据
2021-07-28 23:09:34 Log.py[line:34] ERROR 断言失败
2021-07-28 23:10:42 Log.py[line:30] INFO 接口【用户注册】的第1条用例不需要依赖数据
2021-07-28 23:10:42 Log.py[line:34] ERROR 断言失败
2021-07-28 23:11:30 Log.py[line:30] INFO 接口【用户注册】的第1条用例不需要依赖数据
2021-07-28 23:11:31 Log.py[line:34] ERROR 断言失败
2021-07-28 23:11:31 Log.py[line:30] INFO sourceData:[{'update_time': '2021-07-28 23:11:31', 'title': 'python', 'content': 'test test', 'articleId': 88, 'owner': 49, 'posted_on': '2021-07-28 23:11:31'}]
2021-07-28 23:17:10 Log.py[line:30] INFO 接口【用户注册】的第1条用例不需要依赖数据
2021-07-28 23:17:10 Log.py[line:30] INFO sourceData:[{'update_time': '2021-07-28 23:17:10', 'title': 'python', 'content': 'test test', 'articleId': 89, 'owner': 50, 'posted_on': '2021-07-28 23:17:10'}]
2021-07-28 23:17:26 Log.py[line:30] INFO 接口【用户注册】的第1条用例不需要依赖数据
2021-07-28 23:17:26 Log.py[line:34] ERROR 断言失败
2021-07-28 23:17:27 Log.py[line:30] INFO sourceData:[{'update_time': '2021-07-28 23:17:27', 'title': 'python', 'content': 'test test', 'articleId': 90, 'owner': 50, 'posted_on': '2021-07-28 23:17:27'}]
2021-07-28 23:20:10 Log.py[line:30] INFO 接口【用户注册】的第1条用例不需要依赖数据
2021-07-28 23:20:10 Log.py[line:34] ERROR 断言失败
2021-07-28 23:20:11 Log.py[line:30] INFO sourceData:[{'update_time': '2021-07-28 23:20:11', 'title': 'python', 'content': 'test test', 'articleId': 91, 'owner': 50, 'posted_on': '2021-07-28 23:20:10'}]
2021-07-28 23:22:51 Log.py[line:30] INFO 接口【用户注册】的第1条用例不需要依赖数据
2021-07-28 23:22:51 Log.py[line:34] ERROR 断言失败
2021-07-28 23:24:01 Log.py[line:30] INFO 接口【用户注册】的第1条用例不需要依赖数据
2021-07-28 23:24:01 Log.py[line:34] ERROR 断言失败:{'code': '01'}
2021-07-28 23:24:38 Log.py[line:30] INFO 接口【用户注册】的第1条用例不需要依赖数据
2021-07-28 23:34:12 Log.py[line:30] INFO 接口【用户注册】的第1条用例不需要依赖数据
2021-07-28 23:34:12 Log.py[line:34] ERROR 断言失败:{'code': '01'}
2021-07-28 23:35:11 Log.py[line:30] INFO 接口【用户注册】的第1条用例不需要依赖数据
2021-07-28 23:35:11 Log.py[line:34] ERROR 断言失败:{'code': '01'}
2021-07-28 23:36:25 Log.py[line:30] INFO 接口【用户注册】的第1条用例不需要依赖数据
2021-07-28 23:36:25 Log.py[line:34] ERROR 断言失败:{'code': '01'}
2021-07-28 23:39:28 Log.py[line:30] INFO 接口【用户注册】的第1条用例不需要依赖数据
